Arguments: 
  C:\Program Files\nodejs\node.exe C:\Program Files (x86)\Yarn\bin\yarn.js add lerna -D

PATH: 
  C:\Program Files\Git\mingw64\bin;C:\Program Files\Git\usr\bin;C:\Users\augus\bin;C:\ProgramData\DockerDesktop\version-bin;C:\Program Files\Docker\Docker\Resources\bin;C:\Program Files (x86)\Common Files\Oracle\Java\javapath;C:\Windows\system32;C:\Windows;C:\Windows\System32\Wbem;C:\Windows\System32\WindowsPowerShell\v1.0;C:\Windows\System32\OpenSSH;C:\Program Files\Git\cmd;C:\ProgramData\chocolatey\bin;C:\Program Files (x86)\Yarn\bin;C:\Users\augus\AppData\Roaming\nvm;C:\Program Files\nodejs;C:\Program Files (x86)\Microsoft SQL Server\150\DTS\Binn;C:\Program Files\dotnet;C:\Program Files\Microsoft SQL Server\130\Tools\Binn;C:\Program Files\Microsoft SQL Server\Client SDK\ODBC\170\Tools\Binn;C:\Program Files\NVIDIA Corporation\NVIDIA NvDLISR;C:\Program Files (x86)\NVIDIA Corporation\PhysX\Common;C:\Users\augus\.windows-build-tools\python27;C:\Users\augus\AppData\Local\Microsoft\WindowsApps;C:\flutter\bin;C:\Users\augus\AppData\Local\Yarn\bin;C:\Program Files\gradle-5.6.2\bin;C:\Program Files\Java\jdk1.8.0_221\bin;C:\ambiente_desenvolvimento\Apache\apache-maven-3.6.3\bin;C:\Users\augus\AppData\Roaming\nvm;C:\Program Files\nodejs;C:\Users\augus\AppData\Local\Android\Sdk\platform-tools;C:\Program Files\Git\usr\bin;C:\Users\augus\AppData\Local\Programs\Microsoft VS Code\bin;C:\Program Files\heroku\bin;C:\Users\augus\AppData\Local\Google\Cloud SDK\google-cloud-sdk\bin

Yarn version: 
  1.19.0

Node version: 
  12.3.1

Platform: 
  win32 x64

Trace: 
  SyntaxError: C:\Users\augus\OneDrive\Documentos\projects\learning\monorepo-yarn-lerna\package.json: Unexpected token } in JSON at position 241
      at JSON.parse (<anonymous>)
      at C:\Program Files (x86)\Yarn\lib\cli.js:1625:59
      at Generator.next (<anonymous>)
      at step (C:\Program Files (x86)\Yarn\lib\cli.js:304:30)
      at C:\Program Files (x86)\Yarn\lib\cli.js:315:13

npm manifest: 
  {
    "name": "monorepo-yarn-lerna",
    "version": "1.0.0",
    "main": "index.js",
    "license": "MIT",
    "private": true,
    "workspaces": {
      "packages": [
        "packages/*"
      ]
    },
    "author": "Marcos Augusto <augustoprofemp@gmail.com>",
  }

yarn manifest: 
  No manifest

Lockfile: 
  No lockfile
